-------------------------------------------------------------------------------
Test set: com.fssa.learnJava.project.taskapp.driver.TestRegisterFeature
-------------------------------------------------------------------------------
Tests run: 1, Failures: 0, Errors: 1, Skipped: 0, Time elapsed: 0.038 s <<< FAILURE! - in com.fssa.learnJava.project.taskapp.driver.TestRegisterFeature
testRegisterFeature  Time elapsed: 0.038 s  <<< ERROR!
java.lang.Error: 
Unresolved compilation problems: 
	Implicit super constructor Object() is undefined for default constructor. Must define an explicit constructor
	String cannot be resolved to a type
	String cannot be resolved to a type
	String cannot be resolved to a type
	String cannot be resolved to a type
	String cannot be resolved to a type
	String cannot be resolved to a type
	String cannot be resolved to a type
	String cannot be resolved to a type
	String cannot be resolved to a type
	String cannot be resolved to a type
	String cannot be resolved to a type
	String cannot be resolved to a type
	String cannot be resolved to a type
	String cannot be resolved to a type
	String cannot be resolved to a type

	at com.fssa.learnJava.project.taskapp.driver.TestRegisterFeature.testRegisterFeature(TestRegisterFeature.java:46)

